Copyright 1986-2020 Xilinx, Inc. All Rights Reserved.
---------------------------------------------------------------------------------------
| Tool Version : Vivado v.2020.2 (win64) Build 3064766 Wed Nov 18 09:12:45 MST 2020
| Date         : Tue Feb 24 16:59:15 2026
| Host         : DESKTOP-7CFQ9ND running 64-bit major release  (build 9200)
| Command      : report_control_sets -verbose -file Coffee_top_control_sets_placed.rpt
| Design       : Coffee_top
| Device       : xc7a35t
---------------------------------------------------------------------------------------

Control Set Information

Table of Contents
-----------------
1. Summary
2. Histogram
3. Flip-Flop Distribution
4. Detailed Control Set Information

1. Summary
----------

+----------------------------------------------------------+-------+
|                          Status                          | Count |
+----------------------------------------------------------+-------+
| Total control sets                                       |     7 |
|    Minimum number of control sets                        |     7 |
|    Addition due to synthesis replication                 |     0 |
|    Addition due to physical synthesis replication        |     0 |
| Unused register locations in slices containing registers |    30 |
+----------------------------------------------------------+-------+
* Control sets can be merged at opt_design using control_set_merge or merge_equivalent_drivers
** Run report_qor_suggestions for automated merging and remapping suggestions


2. Histogram
------------

+--------------------+-------+
|       Fanout       | Count |
+--------------------+-------+
| Total control sets |     7 |
| >= 0 to < 4        |     3 |
| >= 4 to < 6        |     1 |
| >= 6 to < 8        |     0 |
| >= 8 to < 10       |     0 |
| >= 10 to < 12      |     0 |
| >= 12 to < 14      |     1 |
| >= 14 to < 16      |     1 |
| >= 16              |     1 |
+--------------------+-------+
* Control sets can be remapped at either synth_design or opt_design


3. Flip-Flop Distribution
-------------------------

+--------------+-----------------------+------------------------+-----------------+--------------+
| Clock Enable | Synchronous Set/Reset | Asynchronous Set/Reset | Total Registers | Total Slices |
+--------------+-----------------------+------------------------+-----------------+--------------+
| No           | No                    | No                     |               0 |            0 |
| No           | No                    | Yes                    |              87 |           27 |
| No           | Yes                   | No                     |               0 |            0 |
| Yes          | No                    | No                     |               0 |            0 |
| Yes          | No                    | Yes                    |              35 |           14 |
| Yes          | Yes                   | No                     |               0 |            0 |
+--------------+-----------------------+------------------------+-----------------+--------------+


4. Detailed Control Set Information
-----------------------------------

+----------------+--------------------------------------------+------------------+------------------+----------------+--------------+
|  Clock Signal  |                Enable Signal               | Set/Reset Signal | Slice Load Count | Bel Load Count | Bels / Slice |
+----------------+--------------------------------------------+------------------+------------------+----------------+--------------+
|  clk_IBUF_BUFG | u_btn_debouncer/U_debouncer_btnC/btn_state | reset_IBUF       |                1 |              1 |         1.00 |
|  clk_IBUF_BUFG | u_btn_debouncer/U_debouncer_btnL/btn_state | reset_IBUF       |                1 |              1 |         1.00 |
|  clk_IBUF_BUFG | u_btn_debouncer/U_debouncer_btnR/btn_state | reset_IBUF       |                1 |              1 |         1.00 |
|  clk_IBUF_BUFG | u_coffee_controller/r_ani_step[3]_i_1_n_0  | reset_IBUF       |                1 |              4 |         4.00 |
|  clk_IBUF_BUFG | u_coffee_machine/tick_reg                  | reset_IBUF       |                4 |             13 |         3.25 |
|  clk_IBUF_BUFG | u_coffee_machine/coin_val[15]_i_1_n_0      | reset_IBUF       |                6 |             15 |         2.50 |
|  clk_IBUF_BUFG |                                            | reset_IBUF       |               27 |             87 |         3.22 |
+----------------+--------------------------------------------+------------------+------------------+----------------+--------------+


